0 info it worked if it ends with ok
1 verbose cli [ '/usr/local/bin/node',
1 verbose cli   '/usr/local/bin/npm',
1 verbose cli   'run',
1 verbose cli   'start-ios-bundle',
1 verbose cli   '--uglify',
1 verbose cli   '--snapshot' ]
2 info using npm@3.10.9
3 info using node@v6.9.2
4 verbose run-script [ 'prestart-ios-bundle',
4 verbose run-script   'start-ios-bundle',
4 verbose run-script   'poststart-ios-bundle' ]
5 info lifecycle @~prestart-ios-bundle: @
6 silly lifecycle @~prestart-ios-bundle: no script for prestart-ios-bundle, continuing
7 info lifecycle @~start-ios-bundle: @
8 verbose lifecycle @~start-ios-bundle: unsafe-perm in lifecycle true
9 verbose lifecycle @~start-ios-bundle: PATH: /usr/local/lib/node_modules/npm/bin/node-gyp-bin:/Users/niliev/Desktop/git-nick/nativescript-ng-cosmos/node_modules/.bin:/usr/local/bin:/usr/bin:/bin:/usr/sbin:/sbin
10 verbose lifecycle @~start-ios-bundle: CWD: /Users/niliev/Desktop/git-nick/nativescript-ng-cosmos
11 silly lifecycle @~start-ios-bundle: Args: [ '-c', 'npm run ns-bundle --ios --run-app' ]
12 silly lifecycle @~start-ios-bundle: Returned: code: 1  signal: null
13 info lifecycle @~start-ios-bundle: Failed to exec start-ios-bundle script
14 verbose stack Error: @ start-ios-bundle: `npm run ns-bundle --ios --run-app`
14 verbose stack Exit status 1
14 verbose stack     at EventEmitter.<anonymous> (/usr/local/lib/node_modules/npm/lib/utils/lifecycle.js:255:16)
14 verbose stack     at emitTwo (events.js:106:13)
14 verbose stack     at EventEmitter.emit (events.js:191:7)
14 verbose stack     at ChildProcess.<anonymous> (/usr/local/lib/node_modules/npm/lib/utils/spawn.js:40:14)
14 verbose stack     at emitTwo (events.js:106:13)
14 verbose stack     at ChildProcess.emit (events.js:191:7)
14 verbose stack     at maybeClose (internal/child_process.js:877:16)
14 verbose stack     at Process.ChildProcess._handle.onexit (internal/child_process.js:226:5)
15 verbose pkgid @
16 verbose cwd /Users/niliev/Desktop/git-nick/nativescript-ng-cosmos
17 error Darwin 15.6.0
18 error argv "/usr/local/bin/node" "/usr/local/bin/npm" "run" "start-ios-bundle" "--uglify" "--snapshot"
19 error node v6.9.2
20 error npm  v3.10.9
21 error code ELIFECYCLE
22 error @ start-ios-bundle: `npm run ns-bundle --ios --run-app`
22 error Exit status 1
23 error Failed at the @ start-ios-bundle script 'npm run ns-bundle --ios --run-app'.
23 error Make sure you have the latest version of node.js and npm installed.
23 error If you do, this is most likely a problem with the  package,
23 error not with npm itself.
23 error Tell the author that this fails on your system:
23 error     npm run ns-bundle --ios --run-app
23 error You can get information on how to open an issue for this project with:
23 error     npm bugs
23 error Or if that isn't available, you can get their info via:
23 error     npm owner ls
23 error There is likely additional logging output above.
24 verbose exit [ 1, true ]
